#
# There is insufficient memory for the Java Runtime Environment to continue.
# Native memory allocation (malloc) failed to allocate 1145776 bytes for Chunk::new
# Possible reasons:
#   The system is out of physical RAM or swap space
#   In 32 bit mode, the process size limit was hit
# Possible solutions:
#   Reduce memory load on the system
#   Increase physical memory or swap space
#   Check if swap backing store is full
#   Use 64 bit Java on a 64 bit OS
#   Decrease Java heap size (-Xmx/-Xms)
#   Decrease number of Java threads
#   Decrease Java thread stack sizes (-Xss)
#   Set larger code cache with -XX:ReservedCodeCacheSize=
# This output file may be truncated or incomplete.
#
#  Out of Memory Error (allocation.cpp:390), pid=14928, tid=0x0000000000005100
#
# JRE version: Java(TM) SE Runtime Environment (8.0_191-b12) (build 1.8.0_191-b12)
# Java VM: Java HotSpot(TM) 64-Bit Server VM (25.191-b12 mixed mode windows-amd64 compressed oops)
# Failed to write core dump. Minidumps are not enabled by default on client versions of Windows
#

---------------  T H R E A D  ---------------

Current thread (0x0000000016fcf800):  JavaThread "C2 CompilerThread0" daemon [_thread_in_native, id=20736, stack(0x0000000018610000,0x0000000018710000)]

Stack: [0x0000000018610000,0x0000000018710000]
[error occurred during error reporting (printing stack bounds), id 0xc0000005]

Native frames: (J=compiled Java code, j=interpreted, Vv=VM code, C=native code)


Current CompileTask:
C2:  47471 2875 %     4       com.zandgall.arvopia.enviornment.Enviornment::render @ 92 (633 bytes)


---------------  P R O C E S S  ---------------

Java Threads: ( => current thread )
  0x00000000193e1800 JavaThread "Direct Clip" daemon [_thread_blocked, id=21464, stack(0x0000000022cc0000,0x0000000022dc0000)]
  0x0000000019281000 JavaThread "Direct Clip" daemon [_thread_blocked, id=14812, stack(0x0000000022bc0000,0x0000000022cc0000)]
  0x000000001927f800 JavaThread "Direct Clip" daemon [_thread_blocked, id=18892, stack(0x0000000022ac0000,0x0000000022bc0000)]
  0x000000001927c800 JavaThread "Direct Clip" daemon [_thread_blocked, id=6716, stack(0x00000000229c0000,0x0000000022ac0000)]
  0x000000001927f000 JavaThread "Direct Clip" daemon [_thread_blocked, id=4600, stack(0x00000000228c0000,0x00000000229c0000)]
  0x000000001927c000 JavaThread "Direct Clip" daemon [_thread_blocked, id=21908, stack(0x00000000227c0000,0x00000000228c0000)]
  0x000000001927b000 JavaThread "Direct Clip" daemon [_thread_blocked, id=21872, stack(0x00000000226c0000,0x00000000227c0000)]
  0x0000000019280800 JavaThread "Direct Clip" daemon [_thread_blocked, id=412, stack(0x00000000225c0000,0x00000000226c0000)]
  0x000000001927e000 JavaThread "Direct Clip" daemon [_thread_blocked, id=20800, stack(0x000000001e2b0000,0x000000001e3b0000)]
  0x000000001927d800 JavaThread "Direct Clip" daemon [_thread_blocked, id=17024, stack(0x000000001d1e0000,0x000000001d2e0000)]
  0x0000000019282000 JavaThread "Direct Clip" daemon [_thread_blocked, id=16416, stack(0x000000001d0e0000,0x000000001d1e0000)]
  0x000000001983c000 JavaThread "Direct Clip" daemon [_thread_blocked, id=13612, stack(0x000000001cfe0000,0x000000001d0e0000)]
  0x0000000019594800 JavaThread "Direct Clip" daemon [_thread_blocked, id=3148, stack(0x000000001cee0000,0x000000001cfe0000)]
  0x0000000019594000 JavaThread "Direct Clip" daemon [_thread_blocked, id=3600, stack(0x000000001cbe0000,0x000000001cce0000)]
  0x0000000019593000 JavaThread "Direct Clip" daemon [_thread_blocked, id=5052, stack(0x000000001cae0000,0x000000001cbe0000)]
  0x0000000019592800 JavaThread "Java Sound Event Dispatcher" daemon [_thread_blocked, id=16348, stack(0x000000001c6e0000,0x000000001c7e0000)]
  0x00000000190ae800 JavaThread "AWT-EventQueue-0" [_thread_blocked, id=11444, stack(0x000000001a2d0000,0x000000001a3d0000)]
  0x0000000000b0e000 JavaThread "DestroyJavaVM" [_thread_blocked, id=14324, stack(0x00000000024a0000,0x00000000025a0000)]
  0x000000001909c800 JavaThread "Thread-1" [_thread_in_Java, id=22760, stack(0x0000000019c50000,0x0000000019d50000)]
  0x0000000018d0d000 JavaThread "AWT-Windows" daemon [_thread_in_native, id=20104, stack(0x0000000019a50000,0x0000000019b50000)]
  0x0000000018d0c800 JavaThread "AWT-Shutdown" [_thread_blocked, id=19044, stack(0x0000000019950000,0x0000000019a50000)]
  0x0000000018d09800 JavaThread "Java2D Disposer" daemon [_thread_blocked, id=6748, stack(0x0000000019850000,0x0000000019950000)]
  0x0000000018934800 JavaThread "Service Thread" daemon [_thread_blocked, id=22544, stack(0x0000000018d10000,0x0000000018e10000)]
  0x0000000016ffe000 JavaThread "C1 CompilerThread2" daemon [_thread_blocked, id=21180, stack(0x0000000018810000,0x0000000018910000)]
  0x0000000016fd8000 JavaThread "C2 CompilerThread1" daemon [_thread_blocked, id=12384, stack(0x0000000018710000,0x0000000018810000)]
=>0x0000000016fcf800 JavaThread "C2 CompilerThread0" daemon [_thread_in_native, id=20736, stack(0x0000000018610000,0x0000000018710000)]
  0x0000000016fcb000 JavaThread "Attach Listener" daemon [_thread_blocked, id=16336, stack(0x0000000018510000,0x0000000018610000)]
  0x0000000016fc9800 JavaThread "Signal Dispatcher" daemon [_thread_blocked, id=17364, stack(0x0000000018410000,0x0000000018510000)]
  0x0000000016fba800 JavaThread "Finalizer" daemon [_thread_blocked, id=23072, stack(0x0000000018220000,0x0000000018320000)]
  0x0000000002690000 JavaThread "Reference Handler" daemon [_thread_blocked, id=21544, stack(0x0000000018120000,0x0000000018220000)]

Other Threads:
  0x0000000016f98000 VMThread [stack: 0x0000000018020000,0x0000000018120000] [id=20708]
  0x000000001895d800 WatcherThread [stack: 0x0000000018e10000,0x0000000018f10000] [id=21840]

VM state:not at safepoint (normal execution)

VM Mutex/Monitor currently owned by a thread: None

Heap:
 PSYoungGen      total 518144K, used 398769K [0x00000000d7000000, 0x00000000ffc00000, 0x0000000100000000)
  eden space 384512K, 99% used [0x00000000d7000000,0x00000000ee59db48,0x00000000ee780000)
  from space 133632K, 12% used [0x00000000ee780000,0x00000000ef74ecb0,0x00000000f6a00000)
  to   space 130560K, 0% used [0x00000000f7c80000,0x00000000f7c80000,0x00000000ffc00000)
 ParOldGen       total 1066496K, used 823124K [0x0000000085000000, 0x00000000c6180000, 0x00000000d7000000)
  object space 1066496K, 77% used [0x0000000085000000,0x00000000b73d5258,0x00000000c6180000)
 Metaspace       used 14252K, capacity 14542K, committed 14720K, reserved 1062912K
  class space    used 1536K, capacity 1630K, committed 1664K, reserved 1048576K

Card table byte_map: [0x0000000011a60000,0x0000000011e40000] byte_map_base: 0x0000000011638000

Marking Bits: (ParMarkBitMap*) 0x0000000053e33e30
 Begin Bits: [0x00000000124d0000, 0x0000000014390000)
 End Bits:   [0x0000000014390000, 0x0000000016250000)

Polling page: 0x00000000005d0000

CodeCache: size=245760Kb used=9660Kb max_used=9671Kb free=236099Kb
 bounds [0x00000000026a0000, 0x0000000003030000, 0x00000000116a0000]
 total_blobs=2963 nmethods=2422 adapters=453
 compilation: enabled

Compilation events (10 events):
Event: 47.355 Thread 0x0000000016ffe000 3002       3       com.zandgall.arvopia.entity.creatures.npcs.Template::checkOff (144 bytes)
Event: 47.356 Thread 0x0000000016ffe000 nmethod 3002 0x0000000003006890 code [0x0000000003006a60, 0x00000000030070b8]
Event: 47.385 Thread 0x0000000016ffe000 3003       1       com.zandgall.arvopia.entity.creatures.Creature::setxMove (6 bytes)
Event: 47.386 Thread 0x0000000016ffe000 nmethod 3003 0x00000000027aec50 code [0x00000000027aeda0, 0x00000000027aeeb0]
Event: 47.414 Thread 0x0000000016ffe000 3004       1       com.zandgall.arvopia.gfx.Animation::getFrame (10 bytes)
Event: 47.415 Thread 0x0000000016ffe000 nmethod 3004 0x00000000027d1350 code [0x00000000027d14a0, 0x00000000027d15d0]
Event: 47.425 Thread 0x0000000016fd8000 3005       4       sun.font.TrueTypeFont::getMapper (24 bytes)
Event: 47.427 Thread 0x0000000016fd8000 nmethod 3005 0x00000000027d2a90 code [0x00000000027d2c00, 0x00000000027d2e30]
Event: 47.460 Thread 0x0000000016ffe000 3006       3       java.awt.Font::<init> (61 bytes)
Event: 47.460 Thread 0x0000000016ffe000 nmethod 3006 0x00000000027e8c10 code [0x00000000027e8da0, 0x00000000027e9070]

GC Heap History (10 events):
Event: 43.948 GC heap before
{Heap before GC invocations=37 (full 7):
 PSYoungGen      total 408064K, used 400691K [0x00000000d7000000, 0x00000000fea80000, 0x0000000100000000)
  eden space 364032K, 97% used [0x00000000d7000000,0x00000000ecc60000,0x00000000ed380000)
  from space 44032K, 99% used [0x00000000ed380000,0x00000000efe6cfb0,0x00000000efe80000)
  to   space 142848K, 0% used [0x00000000f5f00000,0x00000000f5f00000,0x00000000fea80000)
 ParOldGen       total 983552K, used 830397K [0x0000000085000000, 0x00000000c1080000, 0x00000000d7000000)
  object space 983552K, 84% used [0x0000000085000000,0x00000000b7aef638,0x00000000c1080000)
 Metaspace       used 14094K, capacity 14350K, committed 14464K, reserved 1062912K
  class space    used 1536K, capacity 1630K, committed 1664K, reserved 1048576K
Event: 44.009 GC heap after
Heap after GC invocations=37 (full 7):
 PSYoungGen      total 501760K, used 86618K [0x00000000d7000000, 0x0000000100000000, 0x0000000100000000)
  eden space 358912K, 0% used [0x00000000d7000000,0x00000000d7000000,0x00000000ece80000)
  from space 142848K, 60% used [0x00000000f5f00000,0x00000000fb396a40,0x00000000fea80000)
  to   space 147968K, 0% used [0x00000000ece80000,0x00000000ece80000,0x00000000f5f00000)
 ParOldGen       total 983552K, used 874305K [0x0000000085000000, 0x00000000c1080000, 0x00000000d7000000)
  object space 983552K, 88% used [0x0000000085000000,0x00000000ba5d05e8,0x00000000c1080000)
 Metaspace       used 14094K, capacity 14350K, committed 14464K, reserved 1062912K
  class space    used 1536K, capacity 1630K, committed 1664K, reserved 1048576K
}
Event: 44.009 GC heap before
{Heap before GC invocations=38 (full 8):
 PSYoungGen      total 501760K, used 86618K [0x00000000d7000000, 0x0000000100000000, 0x0000000100000000)
  eden space 358912K, 0% used [0x00000000d7000000,0x00000000d7000000,0x00000000ece80000)
  from space 142848K, 60% used [0x00000000f5f00000,0x00000000fb396a40,0x00000000fea80000)
  to   space 147968K, 0% used [0x00000000ece80000,0x00000000ece80000,0x00000000f5f00000)
 ParOldGen       total 983552K, used 874305K [0x0000000085000000, 0x00000000c1080000, 0x00000000d7000000)
  object space 983552K, 88% used [0x0000000085000000,0x00000000ba5d05e8,0x00000000c1080000)
 Metaspace       used 14094K, capacity 14350K, committed 14464K, reserved 1062912K
  class space    used 1536K, capacity 1630K, committed 1664K, reserved 1048576K
Event: 44.110 GC heap after
Heap after GC invocations=38 (full 8):
 PSYoungGen      total 501760K, used 0K [0x00000000d7000000, 0x0000000100000000, 0x0000000100000000)
  eden space 358912K, 0% used [0x00000000d7000000,0x00000000d7000000,0x00000000ece80000)
  from space 142848K, 0% used [0x00000000f5f00000,0x00000000f5f00000,0x00000000fea80000)
  to   space 147968K, 0% used [0x00000000ece80000,0x00000000ece80000,0x00000000f5f00000)
 ParOldGen       total 1066496K, used 764570K [0x0000000085000000, 0x00000000c6180000, 0x00000000d7000000)
  object space 1066496K, 71% used [0x0000000085000000,0x00000000b3aa6818,0x00000000c6180000)
 Metaspace       used 14094K, capacity 14350K, committed 14464K, reserved 1062912K
  class space    used 1536K, capacity 1630K, committed 1664K, reserved 1048576K
}
Event: 44.538 GC heap before
{Heap before GC invocations=39 (full 8):
 PSYoungGen      total 501760K, used 358912K [0x00000000d7000000, 0x0000000100000000, 0x0000000100000000)
  eden space 358912K, 100% used [0x00000000d7000000,0x00000000ece80000,0x00000000ece80000)
  from space 142848K, 0% used [0x00000000f5f00000,0x00000000f5f00000,0x00000000fea80000)
  to   space 147968K, 0% used [0x00000000ece80000,0x00000000ece80000,0x00000000f5f00000)
 ParOldGen       total 1066496K, used 764570K [0x0000000085000000, 0x00000000c6180000, 0x00000000d7000000)
  object space 1066496K, 71% used [0x0000000085000000,0x00000000b3aa6818,0x00000000c6180000)
 Metaspace       used 14094K, capacity 14350K, committed 14464K, reserved 1062912K
  class space    used 1536K, capacity 1630K, committed 1664K, reserved 1048576K
Event: 44.552 GC heap after
Heap after GC invocations=39 (full 8):
 PSYoungGen      total 506880K, used 43955K [0x00000000d7000000, 0x00000000ff400000, 0x0000000100000000)
  eden space 358912K, 0% used [0x00000000d7000000,0x00000000d7000000,0x00000000ece80000)
  from space 147968K, 29% used [0x00000000ece80000,0x00000000ef96cfb0,0x00000000f5f00000)
  to   space 139264K, 0% used [0x00000000f6c00000,0x00000000f6c00000,0x00000000ff400000)
 ParOldGen       total 1066496K, used 764570K [0x0000000085000000, 0x00000000c6180000, 0x00000000d7000000)
  object space 1066496K, 71% used [0x0000000085000000,0x00000000b3aa6818,0x00000000c6180000)
 Metaspace       used 14094K, capacity 14350K, committed 14464K, reserved 1062912K
  class space    used 1536K, capacity 1630K, committed 1664K, reserved 1048576K
}
Event: 44.956 GC heap before
{Heap before GC invocations=40 (full 8):
 PSYoungGen      total 506880K, used 402867K [0x00000000d7000000, 0x00000000ff400000, 0x0000000100000000)
  eden space 358912K, 100% used [0x00000000d7000000,0x00000000ece80000,0x00000000ece80000)
  from space 147968K, 29% used [0x00000000ece80000,0x00000000ef96cfb0,0x00000000f5f00000)
  to   space 139264K, 0% used [0x00000000f6c00000,0x00000000f6c00000,0x00000000ff400000)
 ParOldGen       total 1066496K, used 764570K [0x0000000085000000, 0x00000000c6180000, 0x00000000d7000000)
  object space 1066496K, 71% used [0x0000000085000000,0x00000000b3aa6818,0x00000000c6180000)
 Metaspace       used 14094K, capacity 14350K, committed 14464K, reserved 1062912K
  class space    used 1536K, capacity 1630K, committed 1664K, reserved 1048576K
Event: 44.969 GC heap after
Heap after GC invocations=40 (full 8):
 PSYoungGen      total 516096K, used 29357K [0x00000000d7000000, 0x00000000fec80000, 0x0000000100000000)
  eden space 384512K, 0% used [0x00000000d7000000,0x00000000d7000000,0x00000000ee780000)
  from space 131584K, 22% used [0x00000000f6c00000,0x00000000f88ab520,0x00000000fec80000)
  to   space 133632K, 0% used [0x00000000ee780000,0x00000000ee780000,0x00000000f6a00000)
 ParOldGen       total 1066496K, used 808477K [0x0000000085000000, 0x00000000c6180000, 0x00000000d7000000)
  object space 1066496K, 75% used [0x0000000085000000,0x00000000b65877c8,0x00000000c6180000)
 Metaspace       used 14094K, capacity 14350K, committed 14464K, reserved 1062912K
  class space    used 1536K, capacity 1630K, committed 1664K, reserved 1048576K
}
Event: 46.290 GC heap before
{Heap before GC invocations=41 (full 8):
 PSYoungGen      total 516096K, used 413869K [0x00000000d7000000, 0x00000000fec80000, 0x0000000100000000)
  eden space 384512K, 100% used [0x00000000d7000000,0x00000000ee780000,0x00000000ee780000)
  from space 131584K, 22% used [0x00000000f6c00000,0x00000000f88ab520,0x00000000fec80000)
  to   space 133632K, 0% used [0x00000000ee780000,0x00000000ee780000,0x00000000f6a00000)
 ParOldGen       total 1066496K, used 808477K [0x0000000085000000, 0x00000000c6180000, 0x00000000d7000000)
  object space 1066496K, 75% used [0x0000000085000000,0x00000000b65877c8,0x00000000c6180000)
 Metaspace       used 14184K, capacity 14478K, committed 14720K, reserved 1062912K
  class space    used 1536K, capacity 1630K, committed 1664K, reserved 1048576K
Event: 46.304 GC heap after
Heap after GC invocations=41 (full 8):
 PSYoungGen      total 518144K, used 16187K [0x00000000d7000000, 0x00000000ffc00000, 0x0000000100000000)
  eden space 384512K, 0% used [0x00000000d7000000,0x00000000d7000000,0x00000000ee780000)
  from space 133632K, 12% used [0x00000000ee780000,0x00000000ef74ecb0,0x00000000f6a00000)
  to   space 130560K, 0% used [0x00000000f7c80000,0x00000000f7c80000,0x00000000ffc00000)
 ParOldGen       total 1066496K, used 823124K [0x0000000085000000, 0x00000000c6180000, 0x00000000d7000000)
  object space 1066496K, 77% used [0x0000000085000000,0x00000000b73d5258,0x00000000c6180000)
 Metaspace       used 14184K, capacity 14478K, committed 14720K, reserved 1062912K
  class space    used 1536K, capacity 1630K, committed 1664K, reserved 1048576K
}

Deoptimization events (10 events):
Event: 45.536 Thread 0x000000001909c800 Uncommon trap: reason=unstable_if action=reinterpret pc=0x000000000296c1d8 method=sun.font.TrueTypeFont.checkUseNatives()Z @ 4
Event: 45.536 Thread 0x000000001909c800 Uncommon trap: reason=unstable_if action=reinterpret pc=0x0000000002dfad9c method=sun.font.CMap$CMapFormat4.getGlyph(I)C @ 67
Event: 45.629 Thread 0x000000001909c800 Uncommon trap: reason=unstable_if action=reinterpret pc=0x0000000002bfc05c method=sun.font.CompositeGlyphMapper.getCachedGlyphCode(I)I @ 19
Event: 45.634 Thread 0x000000001909c800 Uncommon trap: reason=unstable_if action=reinterpret pc=0x0000000002dc5f3c method=com.zandgall.arvopia.entity.creatures.basic.BasicTemplate.checkOff(IIZZ)Z @ 108
Event: 45.649 Thread 0x000000001909c800 Uncommon trap: reason=unstable_if action=reinterpret pc=0x0000000002ec2a10 method=sun.java2d.SunGraphics2D.drawImage(Ljava/awt/Image;IILjava/awt/Color;Ljava/awt/image/ImageObserver;)Z @ 1
Event: 46.701 Thread 0x000000001909c800 Uncommon trap: reason=bimorphic action=maybe_recompile pc=0x0000000002cf401c method=com.zandgall.arvopia.entity.creatures.Creature.collisionWithTile(II)Z @ 5
Event: 46.701 Thread 0x000000001909c800 Uncommon trap: reason=bimorphic action=maybe_recompile pc=0x0000000002cf401c method=com.zandgall.arvopia.entity.creatures.Creature.collisionWithTile(II)Z @ 5
Event: 46.722 Thread 0x000000001909c800 Uncommon trap: reason=bimorphic action=maybe_recompile pc=0x0000000002cf401c method=com.zandgall.arvopia.entity.creatures.Creature.collisionWithTile(II)Z @ 5
Event: 46.723 Thread 0x000000001909c800 Uncommon trap: reason=bimorphic action=maybe_recompile pc=0x0000000002cf401c method=com.zandgall.arvopia.entity.creatures.Creature.collisionWithTile(II)Z @ 5
Event: 46.885 Thread 0x000000001909c800 Uncommon trap: reason=unstable_if action=reinterpret pc=0x0000000002fa6694 method=com.zandgall.arvopia.tiles.GrassTile.tick(Lcom/zandgall/arvopia/Handler;II)V @ 327

Classes redefined (0 events):
No events

Internal exceptions (10 events):
Event: 0.299 Thread 0x0000000000b0e000 Exception <a 'java/security/PrivilegedActionException'> (0x00000000d71dc478) thrown at [C:\re\workspace\8-2-build-windows-amd64-cygwin\jdk8u191\11896\hotspot\src\share\vm\prims\jvm.cpp, line 1435]
Event: 0.299 Thread 0x0000000000b0e000 Exception <a 'java/security/PrivilegedActionException'> (0x00000000d71dc6a0) thrown at [C:\re\workspace\8-2-build-windows-amd64-cygwin\jdk8u191\11896\hotspot\src\share\vm\prims\jvm.cpp, line 1435]
Event: 0.335 Thread 0x0000000000b0e000 Exception <a 'java/io/FileNotFoundException'> (0x00000000d72394d0) thrown at [C:\re\workspace\8-2-build-windows-amd64-cygwin\jdk8u191\11896\hotspot\src\share\vm\prims\jni.cpp, line 709]
Event: 0.376 Thread 0x0000000000b0e000 Exception <a 'java/lang/NoSuchFieldError': method resolution failed> (0x00000000d7309c60) thrown at [C:\re\workspace\8-2-build-windows-amd64-cygwin\jdk8u191\11896\hotspot\src\share\vm\prims\methodHandles.cpp, line 1167]
Event: 0.378 Thread 0x0000000000b0e000 Exception <a 'java/lang/NoSuchFieldError': method resolution failed> (0x00000000d7317030) thrown at [C:\re\workspace\8-2-build-windows-amd64-cygwin\jdk8u191\11896\hotspot\src\share\vm\prims\methodHandles.cpp, line 1167]
Event: 0.475 Thread 0x0000000000b0e000 Exception <a 'java/io/FileNotFoundException'> (0x00000000d880cb58) thrown at [C:\re\workspace\8-2-build-windows-amd64-cygwin\jdk8u191\11896\hotspot\src\share\vm\prims\jni.cpp, line 709]
Event: 13.805 Thread 0x000000001909c800 Implicit null exception at 0x0000000002c00e9f to 0x0000000002c04ff5
Event: 45.363 Thread 0x000000001909c800 Implicit null exception at 0x0000000002ec5427 to 0x0000000002ec5c59
Event: 45.628 Thread 0x000000001909c800 Implicit null exception at 0x0000000002bfbed1 to 0x0000000002bfc031
Event: 45.649 Thread 0x000000001909c800 Implicit null exception at 0x0000000002ec216c to 0x0000000002ec29f9

Events (10 events):
Event: 46.885 Thread 0x000000001909c800 Uncommon trap: trap_request=0xffffff65 fr.pc=0x0000000002fa6694
Event: 46.885 Thread 0x000000001909c800 DEOPT PACKING pc=0x0000000002fa6694 sp=0x0000000019d4f360
Event: 46.885 Thread 0x000000001909c800 DEOPT UNPACKING pc=0x00000000026e583b sp=0x0000000019d4f370 mode 2
Event: 47.224 Thread 0x000000001909c800 DEOPT PACKING pc=0x0000000002fc8b0a sp=0x0000000019d4f180
Event: 47.224 Thread 0x000000001909c800 DEOPT UNPACKING pc=0x00000000026e7890 sp=0x0000000019d4ef68 mode 0
Event: 47.356 Thread 0x0000000016ffe000 flushing nmethod 0x00000000027aec50
Event: 47.356 Thread 0x0000000016ffe000 flushing nmethod 0x00000000027bf790
Event: 47.356 Thread 0x0000000016ffe000 flushing nmethod 0x00000000027d1350
Event: 47.356 Thread 0x0000000016ffe000 flushing nmethod 0x00000000027d2ad0
Event: 47.356 Thread 0x0000000016ffe000 flushing nmethod 0x00000000027e88d0


Dynamic libraries:
0x00007ff7d1c20000 - 0x00007ff7d1c57000 	C:\Program Files\Java\jre1.8.0_191\bin\javaw.exe
0x00007ffc60100000 - 0x00007ffc602e1000 	C:\Windows\SYSTEM32\ntdll.dll
0x00007ffc5dcd0000 - 0x00007ffc5dd82000 	C:\Windows\System32\KERNEL32.DLL
0x00007ffc5cd30000 - 0x00007ffc5cfa3000 	C:\Windows\System32\KERNELBASE.dll
0x00007ffc5fd90000 - 0x00007ffc5fe31000 	C:\Windows\System32\ADVAPI32.dll
0x00007ffc5ffa0000 - 0x00007ffc6003e000 	C:\Windows\System32\msvcrt.dll
0x00007ffc60070000 - 0x00007ffc600cb000 	C:\Windows\System32\sechost.dll
0x00007ffc5da10000 - 0x00007ffc5db34000 	C:\Windows\System32\RPCRT4.dll
0x00007ffc5db40000 - 0x00007ffc5dcd0000 	C:\Windows\System32\USER32.dll
0x00007ffc5cfb0000 - 0x00007ffc5cfd0000 	C:\Windows\System32\win32u.dll
0x00007ffc60040000 - 0x00007ffc60068000 	C:\Windows\System32\GDI32.dll
0x00007ffc5d200000 - 0x00007ffc5d392000 	C:\Windows\System32\gdi32full.dll
0x00007ffc5d0e0000 - 0x00007ffc5d17f000 	C:\Windows\System32\msvcp_win.dll
0x00007ffc5cc30000 - 0x00007ffc5cd2a000 	C:\Windows\System32\ucrtbase.dll
0x00007ffc48d80000 - 0x00007ffc48fe9000 	C:\Windows\WinSxS\amd64_microsoft.windows.common-controls_6595b64144ccf1df_6.0.17134.471_none_fb3e9aab3068fc16\COMCTL32.dll
0x00007ffc5f810000 - 0x00007ffc5fb32000 	C:\Windows\System32\combase.dll
0x00007ffc5d180000 - 0x00007ffc5d1fa000 	C:\Windows\System32\bcryptPrimitives.dll
0x00007ffc5d590000 - 0x00007ffc5d5bd000 	C:\Windows\System32\IMM32.DLL
0x0000000052bb0000 - 0x0000000052c82000 	C:\Program Files\Java\jre1.8.0_191\bin\msvcr100.dll
0x0000000053610000 - 0x0000000053eb4000 	C:\Program Files\Java\jre1.8.0_191\bin\server\jvm.dll
0x00007ffc5f240000 - 0x00007ffc5f248000 	C:\Windows\System32\PSAPI.DLL
0x00007ffc5a070000 - 0x00007ffc5a093000 	C:\Windows\SYSTEM32\WINMM.dll
0x00007ffc545e0000 - 0x00007ffc545ea000 	C:\Windows\SYSTEM32\VERSION.dll
0x00007ffc54bf0000 - 0x00007ffc54bf9000 	C:\Windows\SYSTEM32\WSOCK32.dll
0x00007ffc5fe40000 - 0x00007ffc5feac000 	C:\Windows\System32\WS2_32.dll
0x00007ffc5a040000 - 0x00007ffc5a06a000 	C:\Windows\SYSTEM32\WINMMBASE.dll
0x00007ffc5cbe0000 - 0x00007ffc5cc29000 	C:\Windows\System32\cfgmgr32.dll
0x0000000053520000 - 0x000000005352f000 	C:\Program Files\Java\jre1.8.0_191\bin\verify.dll
0x00000000534f0000 - 0x0000000053519000 	C:\Program Files\Java\jre1.8.0_191\bin\java.dll
0x00000000534d0000 - 0x00000000534e6000 	C:\Program Files\Java\jre1.8.0_191\bin\zip.dll
0x00007ffc5de00000 - 0x00007ffc5f240000 	C:\Windows\System32\SHELL32.dll
0x00007ffc5d640000 - 0x00007ffc5d6e9000 	C:\Windows\System32\shcore.dll
0x00007ffc5c4d0000 - 0x00007ffc5cbdd000 	C:\Windows\System32\windows.storage.dll
0x00007ffc5dda0000 - 0x00007ffc5ddf1000 	C:\Windows\System32\shlwapi.dll
0x00007ffc5c470000 - 0x00007ffc5c481000 	C:\Windows\System32\kernel.appcore.dll
0x00007ffc5c490000 - 0x00007ffc5c4af000 	C:\Windows\System32\profapi.dll
0x00007ffc5c420000 - 0x00007ffc5c46c000 	C:\Windows\System32\powrprof.dll
0x00007ffc5c410000 - 0x00007ffc5c41a000 	C:\Windows\System32\FLTLIB.DLL
0x00000000532f0000 - 0x0000000053489000 	C:\Program Files\Java\jre1.8.0_191\bin\awt.dll
0x00007ffc5fb40000 - 0x00007ffc5fc02000 	C:\Windows\System32\OLEAUT32.dll
0x00007ffc5a6a0000 - 0x00007ffc5a72b000 	C:\Windows\SYSTEM32\apphelp.dll
0x00000000534b0000 - 0x00000000534ca000 	C:\Program Files\Java\jre1.8.0_191\bin\net.dll
0x00007ffc5bc30000 - 0x00007ffc5bc96000 	C:\Windows\system32\mswsock.dll
0x0000000053490000 - 0x00000000534a1000 	C:\Program Files\Java\jre1.8.0_191\bin\nio.dll
0x00007ffc5a860000 - 0x00007ffc5a8f8000 	C:\Windows\system32\uxtheme.dll
0x00007ffc5d890000 - 0x00007ffc5da03000 	C:\Windows\System32\MSCTF.dll
0x00007ffc5aab0000 - 0x00007ffc5aad9000 	C:\Windows\system32\dwmapi.dll
0x00007ffc5fc30000 - 0x00007ffc5fd81000 	C:\Windows\System32\ole32.dll
0x00007ffc49030000 - 0x00007ffc49150000 	C:\Windows\system32\opengl32.dll
0x00007ffc4d1a0000 - 0x00007ffc4d1cc000 	C:\Windows\SYSTEM32\GLU32.dll
0x00000000532a0000 - 0x00000000532e7000 	C:\Program Files\Java\jre1.8.0_191\bin\fontmanager.dll
0x00007ffc50610000 - 0x00007ffc506a6000 	C:\Windows\System32\TextInputFramework.dll
0x00007ffc5a3e0000 - 0x00007ffc5a4ba000 	C:\Windows\System32\CoreMessaging.dll
0x00007ffc57de0000 - 0x00007ffc580fe000 	C:\Windows\System32\CoreUIComponents.dll
0x00007ffc57c10000 - 0x00007ffc57d5d000 	C:\Windows\SYSTEM32\wintypes.dll
0x00007ffc5b500000 - 0x00007ffc5b531000 	C:\Windows\SYSTEM32\ntmarta.dll
0x00007ffc5bdf0000 - 0x00007ffc5be07000 	C:\Windows\SYSTEM32\CRYPTSP.dll
0x00007ffc5b810000 - 0x00007ffc5b843000 	C:\Windows\system32\rsaenh.dll
0x00007ffc5bf70000 - 0x00007ffc5bf95000 	C:\Windows\SYSTEM32\bcrypt.dll
0x00007ffc5c310000 - 0x00007ffc5c338000 	C:\Windows\SYSTEM32\USERENV.dll
0x00007ffc5bde0000 - 0x00007ffc5bdeb000 	C:\Windows\SYSTEM32\CRYPTBASE.dll
0x00007ffc5b9b0000 - 0x00007ffc5b9e8000 	C:\Windows\SYSTEM32\IPHLPAPI.DLL
0x00007ffc5dd90000 - 0x00007ffc5dd98000 	C:\Windows\System32\NSI.dll
0x00007ffc55b60000 - 0x00007ffc55b76000 	C:\Windows\SYSTEM32\dhcpcsvc6.DLL
0x00007ffc55b40000 - 0x00007ffc55b5a000 	C:\Windows\SYSTEM32\dhcpcsvc.DLL
0x0000000053250000 - 0x0000000053292000 	C:\Program Files\Java\jre1.8.0_191\bin\t2k.dll
0x0000000052ba0000 - 0x0000000052bac000 	C:\Program Files\Java\jre1.8.0_191\bin\jsound.dll
0x0000000052b90000 - 0x0000000052b9b000 	C:\Program Files\Java\jre1.8.0_191\bin\jsoundds.dll
0x00007ffc39af0000 - 0x00007ffc39b7f000 	C:\Windows\SYSTEM32\DSOUND.dll
0x00007ffc54ff0000 - 0x00007ffc55066000 	C:\Windows\SYSTEM32\MMDevAPI.DLL
0x00007ffc5c220000 - 0x00007ffc5c247000 	C:\Windows\SYSTEM32\DEVOBJ.dll
0x00007ffc58df0000 - 0x00007ffc58fa4000 	C:\Windows\SYSTEM32\PROPSYS.dll
0x00007ffc50ef0000 - 0x00007ffc50f34000 	C:\Windows\SYSTEM32\wdmaud.drv
0x00007ffc58530000 - 0x00007ffc5853a000 	C:\Windows\SYSTEM32\AVRT.dll
0x00007ffc49910000 - 0x00007ffc49919000 	C:\Windows\SYSTEM32\ksuser.dll
0x00007ffc41d20000 - 0x00007ffc41e4c000 	C:\Windows\SYSTEM32\AUDIOSES.DLL
0x00007ffc58d30000 - 0x00007ffc58d3d000 	C:\Windows\SYSTEM32\msacm32.drv
0x00007ffc53420000 - 0x00007ffc5343c000 	C:\Windows\SYSTEM32\MSACM32.dll
0x00007ffc58550000 - 0x00007ffc5855a000 	C:\Windows\SYSTEM32\midimap.dll
0x00007ffc5f770000 - 0x00007ffc5f810000 	C:\Windows\System32\clbcatq.dll
0x00007ffc4a990000 - 0x00007ffc4aaa4000 	C:\Windows\System32\Windows.UI.dll
0x00007ffc50c30000 - 0x00007ffc50ca9000 	C:\Windows\System32\InputHost.dll
0x0000000053220000 - 0x000000005324a000 	C:\Program Files\Java\jre1.8.0_191\bin\dcpr.dll

VM Arguments:
jvm_args: -Dfile.encoding=Cp1252 
java_command: com.zandgall.arvopia.ArvopiaLauncher
java_class_path (initial): C:\Users\alexa\eclipse-workspace\Arvopia 0.7 Lab\bin;C:\Users\alexa\eclipse-workspace\Arvopia 0.7 Lab\res;C:\Users\alexa\eclipse-workspace\libs\jl1.0.1.jar;C:\Users\alexa\Downloads\jogamp-all-platforms\jar\gluegen.jar;C:\Users\alexa\Downloads\jogamp-all-platforms\jar\gluegen-rt.jar;C:\Users\alexa\Downloads\jogamp-all-platforms\jar\joal.jar;C:\Users\alexa\eclipse-workspace\libs\javax.mail.jar;C:\Users\alexa\eclipse-workspace\libs\jogg-0.0.7.jar;C:\Users\alexa\eclipse-workspace\libs\jorbis-0.0.15.jar;C:\Users\alexa\eclipse-workspace\libs\mp3spi1.9.5.jar;C:\Users\alexa\eclipse-workspace\libs\tritonus_share.jar;C:\Users\alexa\eclipse-workspace\libs\vorbisspi1.0.3.jar
Launcher Type: SUN_STANDARD

Environment Variables:
PATH=C:/Program Files/Java/jre1.8.0_191/bin/server;C:/Program Files/Java/jre1.8.0_191/bin;C:/Program Files/Java/jre1.8.0_191/lib/amd64;C:\Program Files (x86)\Common Files\Oracle\Java\javapath;C:\Windows\system32;C:\Windows;C:\Windows\System32\Wbem;C:\Windows\System32\WindowsPowerShell\v1.0\;C:\Windows\System32\OpenSSH\;C:\Program Files (x86)\Brackets\command;C:\Users\alexa\AppData\Local\Microsoft\WindowsApps;C:\Users\alexa\AppData\Local\GitHubDesktop\bin;C:\Users\alexa\OneDrive\Desktop;
USERNAME=alexa
OS=Windows_NT
PROCESSOR_IDENTIFIER=Intel64 Family 6 Model 58 Stepping 9, GenuineIntel



---------------  S Y S T E M  ---------------

OS: Windows 10.0 , 64 bit Build 17134 (10.0.17134.1)

CPU:total 4 (initial active 4) (2 cores per cpu, 2 threads per core) family 6 model 58 stepping 9, cmov, cx8, fxsr, mmx, sse, sse2, sse3, ssse3, sse4.1, sse4.2, popcnt, avx, aes, clmul, erms, ht, tsc, tscinvbit, tscinv

Memory: 4k page, physical 8059988k(738380k free), swap 23497040k(5948k free)

vm_info: Java HotSpot(TM) 64-Bit Server VM (25.191-b12) for windows-amd64 JRE (1.8.0_191-b12), built on Oct  6 2018 09:29:03 by "java_re" with MS VC++ 10.0 (VS2010)

time: Wed Dec 26 18:55:34 2018
elapsed time: 47 seconds (0d 0h 0m 47s)

